<?xml version="1.0" encoding="UTF-8"?>
<!-- Generated by org.testng.reporters.JUnitXMLReporter -->
<testsuite hostname="LAPTOP-0S9QSD09" ignored="0" name="Test" tests="3" failures="0" timestamp="22 Jan 2019 23:09:59 GMT" time="24.266" errors="0">
  <testcase name="loginAppln" time="9.644" classname="tests.LoginApplication"/>
  <testcase name="flightBooking" time="7.798" classname="tests.LoginApplication"/>
  <testcase name="selectPassengers" time="4.088" classname="tests.LoginApplication"/>
</testsuite> <!-- Test -->
