<?xml version="1.0" encoding="UTF-8"?>
<testng-results skipped="0" failed="0" ignored="0" total="3" passed="3">
  <reporter-output>
  </reporter-output>
  <suite name="Suite" duration-ms="24266" started-at="2019-01-22T23:09:35Z" finished-at="2019-01-22T23:09:59Z">
    <groups>
    </groups>
    <test name="Test" duration-ms="24266" started-at="2019-01-22T23:09:35Z" finished-at="2019-01-22T23:09:59Z">
      <class name="tests.LoginApplication">
        <test-method status="PASS" signature="preRequiste()[pri:0, instance:tests.LoginApplication@4678c730]" name="preRequiste" is-config="true" duration-ms="2587" started-at="2019-01-22T23:09:35Z" finished-at="2019-01-22T23:09:38Z">
          <reporter-output>
          </reporter-output>
        </test-method> <!-- preRequiste -->
        <test-method status="PASS" signature="loginAppln(java.lang.String, java.lang.String)[pri:0, instance:tests.LoginApplication@4678c730]" name="loginAppln" duration-ms="9644" started-at="2019-01-22T23:09:38Z" data-provider="getData" finished-at="2019-01-22T23:09:47Z">
          <params>
            <param index="0">
              <value>
                <![CDATA[user@phptravels.com]]>
              </value>
            </param>
            <param index="1">
              <value>
                <![CDATA[demouser]]>
              </value>
            </param>
          </params>
          <reporter-output>
          </reporter-output>
        </test-method> <!-- loginAppln -->
        <test-method status="PASS" signature="flightBooking()[pri:0, instance:tests.LoginApplication@4678c730]" name="flightBooking" duration-ms="7798" started-at="2019-01-22T23:09:47Z" depends-on-methods="tests.LoginApplication.loginAppln" finished-at="2019-01-22T23:09:55Z">
          <reporter-output>
          </reporter-output>
        </test-method> <!-- flightBooking -->
        <test-method status="PASS" signature="selectPassengers()[pri:0, instance:tests.LoginApplication@4678c730]" name="selectPassengers" duration-ms="4088" started-at="2019-01-22T23:09:55Z" depends-on-methods="tests.LoginApplication.flightBooking" finished-at="2019-01-22T23:09:59Z">
          <reporter-output>
          </reporter-output>
        </test-method> <!-- selectPassengers -->
        <test-method status="PASS" signature="close()[pri:0, instance:tests.LoginApplication@4678c730]" name="close" is-config="true" duration-ms="123" started-at="2019-01-22T23:09:59Z" finished-at="2019-01-22T23:09:59Z">
          <reporter-output>
          </reporter-output>
        </test-method> <!-- close -->
      </class> <!-- tests.LoginApplication -->
    </test> <!-- Test -->
  </suite> <!-- Suite -->
</testng-results>
